
> bhuwana-id-portal@1.0.0 build:public
> next build

Attention: Next.js now collects completely anonymous telemetry regarding usage.
This information is used to shape Next.js' roadmap and prioritize features.
You can learn more, including how to opt-out if you'd not like to participate in this anonymous program, by visiting the following URL:
https://nextjs.org/telemetry

  ▲ Next.js 14.2.35

   Creating an optimized production build ...
 ✓ Compiled successfully
   Linting and checking validity of types ...
   Collecting page data ...
   Generating static pages (0/10) ...
   Generating static pages (2/10) 
   Generating static pages (4/10) 
   Generating static pages (7/10) 
 ✓ Generating static pages (10/10)
   Finalizing page optimization ...
   Collecting build traces ...

Route (app)                              Size     First Load JS
┌ ○ /                                    204 B           106 kB
├ ○ /_not-found                          873 B          88.3 kB
├ ○ /gallery                             3.22 kB         109 kB
├ ○ /news                                2.04 kB         111 kB
├ ● /news/[id]                           1.54 kB         111 kB
├   ├ /news/1
├   ├ /news/2
├   └ /news/3
└ ○ /structure                           199 B           106 kB
+ First Load JS shared by all            87.5 kB
  ├ chunks/117-03b6df8606731fc5.js       31.9 kB
  ├ chunks/fd9d1056-2182e078483b259b.js  53.6 kB
  └ other shared chunks (total)          1.95 kB


○  (Static)  prerendered as static content
●  (SSG)     prerendered as static HTML (uses getStaticProps)

